*** FATAL INTERNAL ERROR in Turing ***
Date: Oct 24 2019 2:22 PM

File Name: C:\Program Files (x86)\Turing\turing.exe
Version: 4.1  [IBM/11]
File Size: 3059755
File Date: Feb 5 2005 7:56 PM
Operating System: After Windows XP
JVM: Ready Built-in JRE (1.4.2 or later)
"assert" Statements: disabled


Previous Operations:
    Create File (W1) - Skel: 0
  CMD: WM_CREATE (W)
  CMD: WM_CREATE (D)
  CMD: WM_ACTIVATE (W)
    New File - Window: 10508 - Skel: 0
    Set Turing Values - Window: 10508 - fileno: 1 - sizeptr: 68ab48 - where: 52
  CMD: WM_ACTIVATE (W)
  CMD: WM_LBUTTONUP (D)
  CMD: WM_ACTIVATE (W)
  CMD: WM_LBUTTONDOWN (D)
    Set Selection (1) - Text: 4629e70 - L: 3 - C: 30
    Text - sz:0:0 - slFr:0:0:0 - slTo:0:0:0 - nlA:0
    Line Starts: 0:0
    Set Selection (2) - sz:0:0 - slFr:0 - slTo:0 - nlA:0
    Line Starts: 0:0
  CMD: WM_LBUTTONUP (D)
    Extend Selection - Text: 4629e70 - L: 3 - C: 30 (x1)
    Text - sz:0:0 - slFr:0:0:0 - slTo:0:0:0 - nlA:0
    Line Starts: 0:0
  CMD: WM_CHAR [#8] (D)
    Keystroke - Text: 4629e70 - ch: 8
    Text - sz:0:0 - slFr:0:0:0 - slTo:0:0:0 - nlA:0
    Line Starts: 0:0
    Keystroke (2) - sz:0:0 - slFr:0:0:0 - slTo:0:0:0 - nlA:0
    Line Starts: 0:0
  CMD: WM_ACTIVATE (W)
  CMD: WM_ACTIVATE (W)
    Create File (W1) - Name: C:\Users\345830020\Downloads\Surfing with Selection Structures.t - Skel: 0
  CMD: WM_CREATE (W)
  CMD: WM_CREATE (D)
  CMD: WM_ACTIVATE (W)
  CMD: WM_ACTIVATE (W)
    Open File (1) - Window: 20566 - Name: C:\Users\345830020\Downloads\Surfing with Selection Structures.t - Example: <null>
    Set New Text (1) - Text: 462c160 - size: 2335
    Set New Text (2) - sz:80:2374 - slFr:0 - slTo:0 - nlA:0
    Line Starts: 77:2362 78:2367 79:2373 80:2374
    Set Turing Values - Window: 20566 - fileno: 2 - sizeptr: 68ac64 - where: 52
    Open File (2) - fileno: 2 - sizeptr: 68ac64
  CMD: WM_CLOSE (W)
    Set Turing Values - Window: 20566 - fileno: 0 - sizeptr: 0 - where: 53
  CMD: WM_ACTIVATE (W)
  CMD: WM_ACTIVATE (W)
  CMD: WM_DESTROY (W)
  CMD: WM_DESTROY (D)
  CMD: WM_LBUTTONDOWN (D)
    Set Selection (1) - Text: 4629e70 - L: 19 - C: 80
    Text - sz:0:0 - slFr:0:0:0 - slTo:0:0:0 - nlA:0
    Line Starts: 0:0
    Set Selection (2) - sz:0:0 - slFr:0 - slTo:0 - nlA:0
    Line Starts: 0:0
  CMD: WM_LBUTTONUP (D)
    Extend Selection - Text: 4629e70 - L: 19 - C: 80 (x1)
    Text - sz:0:0 - slFr:0:0:0 - slTo:0:0:0 - nlA:0
    Line Starts: 0:0
  CMD: WM_CLOSE (W)
  CMD: WM_ACTIVATE (W)
    Create File (W1) - Name: C:\Users\345830020\Downloads\Surfing with Selection Structures.t - Skel: 0
  CMD: WM_CREATE (W)
  CMD: WM_CREATE (D)
  CMD: WM_ACTIVATE (W)
    Open File (1) - Window: 105e2 - Name: C:\Users\345830020\Downloads\Surfing with Selection Structures.t - Example: <null>
    Set New Text (1) - Text: 462c160 - size: 2335
    Set New Text (2) - sz:80:2374 - slFr:0 - slTo:0 - nlA:0
    Line Starts: 77:2362 78:2367 79:2373 80:2374
    Set Turing Values - Window: 105e2 - fileno: 2 - sizeptr: 68ac64 - where: 52
    Open File (2) - fileno: 2 - sizeptr: 68ac64
  CMD: WM_ACTIVATE (W)
  CMD: WM_ACTIVATE (W)
    Kill Running Program and Quit
    Set Turing Values - Window: 10508 - fileno: 0 - sizeptr: 0 - where: 53
  CMD: WM_ACTIVATE (W)
  CMD: WM_ACTIVATE (W)



The environment has experienced an unexpected internal error.

This error is caused by a bug in the environment and is not your fault!
Details about the crash have been saved in the file "C:\Users\345830020\Documents\panic.log".

If possible, please e-mail this file to readybugs@hsa.on.ca

Here are some details about the error:
   Error = No record of this window being open (6025)
   File = P:\ready\src\ed.c
   Line = 1263

All unsaved open files will be saved with a ".sav" or ".sv#" extension.

List of Modules: 
    C:\Program Files (x86)\Turing\turing.exe
    C:\Windows\SYSTEM32\ntdll.dll
    C:\Windows\System32\KERNEL32.DLL
    C:\Windows\System32\KERNELBASE.dll
    C:\Windows\System32\USER32.dll
    C:\Windows\System32\win32u.dll
    C:\Windows\System32\GDI32.dll
    C:\Windows\System32\gdi32full.dll
    C:\Windows\System32\msvcp_win.dll
    C:\Windows\System32\ucrtbase.dll
    C:\Windows\System32\comdlg32.dll
    C:\Windows\System32\msvcrt.dll
    C:\Windows\System32\combase.dll
    C:\Windows\System32\RPCRT4.dll
    C:\Windows\System32\SspiCli.dll
    C:\Windows\System32\CRYPTBASE.dll
    C:\Windows\System32\bcryptPrimitives.dll
    C:\Windows\System32\sechost.dll
    C:\Windows\System32\shcore.dll
    C:\Windows\System32\SHLWAPI.dll
    C:\Windows\System32\SHELL32.dll
    C:\Windows\System32\cfgmgr32.dll
    C:\Windows\System32\windows.storage.dll
    C:\Windows\System32\advapi32.dll
    C:\Windows\System32\kernel.appcore.dll
    C:\Windows\System32\powrprof.dll
    C:\Windows\System32\profapi.dll
    C:\Windows\SYSTEM32\VERSION.dll
    C:\Windows\SYSTEM32\WINMM.dll
    C:\Windows\WinSxS\x86_microsoft.windows.common-controls_6595b64144ccf1df_5.82.16299.1387_none_3edfe498b9212f61\COMCTL32.dll
    C:\Windows\SYSTEM32\WINMMBASE.dll
    C:\Windows\System32\IMM32.DLL
    C:\Windows\SYSTEM32\shfolder.dll
    C:\Windows\system32\uxtheme.dll
    C:\Windows\System32\MSCTF.dll
    C:\Windows\System32\OLEAUT32.dll
    C:\Program Files (x86)\NetSupport\NetSupport School\pciappctrl.dll
    C:\Windows\SYSTEM32\dbghelp.dll
    C:\Windows\SYSTEM32\MPR.dll
    C:\Program Files (x86)\Common Files\NSL\NSCommonHook.dll
    C:\Windows\system32\dwmapi.dll
    C:\Windows\System32\psapi.dll
    C:\Windows\System32\ws2_32.dll
    C:\Windows\System32\TextInputFramework.dll
    C:\Windows\System32\CoreUIComponents.dll
    C:\Windows\System32\CoreMessaging.dll
    C:\Windows\SYSTEM32\ntmarta.dll
    C:\Windows\SYSTEM32\wintypes.dll
    C:\Windows\WinSxS\x86_microsoft.windows.common-controls_6595b64144ccf1df_6.0.16299.1387_none_573dab216ee1b3b0\comctl32.DLL
    C:\Windows\System32\ole32.dll
    C:\Windows\System32\clbcatq.dll
    C:\Program Files (x86)\NetSupport\NetSupport School\pcihooks.DLL

  0 .V PC=0023:7750f64c Ret=742528f2 Frame=0019ac4c Stack=0019abdc
    Parameters (0x000003b8 0x00003a98 0x00000000 0x0019d4fc)
    Unknown module, ZwWaitForSingleObject() + 0012 byte(s)
  1 .V PC=0023:742528f2 Ret=0041d5e5 Frame=0019ac60 Stack=0019ac54
    Parameters (0x000003b8 0x00003a98 0x0041ff99 0x0002054c)
    Unknown module, WaitForSingleObject() + 0018 byte(s)
  2 .V PC=0023:0041d5e5 Ret=0041ca58 Frame=0019d4fc Stack=0019ac68
    Parameters (0x00000001 0x00001789 0x00560034 0x000004ef)
    P:\ready\src\edfail.c, MyFailErrorBox (), Line 0987+0020 byte(s)
  3 .V PC=0023:0041ca58 Ret=004167f0 Frame=0019d524 Stack=0019d504
    Parameters (0x00001789 0x00560034 0x000004ef 0x00000000)
    P:\ready\src\edfail.c, EdFail_Fatal (), Line 0494+0027 byte(s)
  4 .V PC=0023:004167f0 Ret=0042023c Frame=0019d540 Stack=0019d52c
    Parameters (0x0002054c 0x00000001 0x0002054c 0x00000005)
    P:\ready\src\ed.c, Ed_SetActiveWindow (), Line 1263+0022 byte(s)
  5 .V PC=0023:0042023c Ret=7527e0bb Frame=0019d570 Stack=0019d548
    Parameters (0x0002054c 0x00000006 0x00000001 0x000104b6)
    P:\ready\src\edwin.c, MyEditorWindowProcedure (), Line 1507+0011 byte(s)
  6 .V PC=0023:7527e0bb Ret=75288849 Frame=0019d59c Stack=0019d578
    Parameters (0x0041ff99 0x0002054c 0x00000006 0x00000001)
    Unknown module, AddClipboardFormatListener() + 0075 byte(s)
  7 .V PC=0023:75288849 Ret=7528b145 Frame=0019d5c0 Stack=0019d5a4
    Parameters (0x00000006 0x00000001 0x000104b6 0x28aba2f5)
    Unknown module, EndTask() + 33897 byte(s)
  8 .V PC=0023:7528b145 Ret=75278503 Frame=0019d690 Stack=0019d5c8
    Parameters (0x0041ff99 0x00000000 0x00000006 0x00000001)
    Unknown module, EndTask() + 44389 byte(s)
  9 .V PC=0023:75278503 Ret=75278aa0 Frame=0019d6f8 Stack=0019d698
    Parameters (0x031727f0 0x00000000 0x00000006 0x00000001)
    Unknown module, CallNextHookEx() + 0883 byte(s)
 10 .V PC=0023:75278aa0 Ret=77511a6d Frame=0019d740 Stack=0019d700
    Parameters (0x0019d75c 0x00000020 0x0019d868 0x775119a0)
    Unknown module, IsWindow() + 0592 byte(s)
 11 .V PC=0023:77511a6d Ret=752c2c9c Frame=0019d810 Stack=0019d748
    Parameters (0x0315be60 0x00000000 0x00000000 0x00000001)
    Unknown module, KiUserCallbackDispatcher() + 0077 byte(s)
 12 .V PC=0023:752c2c9c Ret=75279e75 Frame=0019d82c Stack=0019d818
    Parameters (0x000104b6 0x00000010 0x00000000 0x00000000)
    Unknown module, GetDC() + 12636 byte(s)
 13 .V PC=0023:75279e75 Ret=004204b1 Frame=0019d878 Stack=0019d834
    Parameters (0x000104b6 0x00000010 0x00000000 0x00000000)
    Unknown module, PostThreadMessageW() + 0357 byte(s)
 14 .V PC=0023:004204b1 Ret=7527e0bb Frame=0019d8b0 Stack=0019d880
    Parameters (0x000104b6 0x00000010 0x00000000 0x00000000)
    P:\ready\src\edwin.c, MyEditorWindowProcedure (), Line 1616+0024 byte(s)
 15 .V PC=0023:7527e0bb Ret=75288849 Frame=0019d8dc Stack=0019d8b8
    Parameters (0x0041ff99 0x000104b6 0x00000010 0x00000000)
    Unknown module, AddClipboardFormatListener() + 0075 byte(s)
 16 .V PC=0023:75288849 Ret=7528b145 Frame=0019d900 Stack=0019d8e4
    Parameters (0x00000010 0x00000000 0x00000000 0x28abadb5)
    Unknown module, EndTask() + 33897 byte(s)
 17 .V PC=0023:7528b145 Ret=75278503 Frame=0019d9d0 Stack=0019d908
    Parameters (0x0041ff99 0x00000000 0x00000010 0x00000000)
    Unknown module, EndTask() + 44389 byte(s)
 18 .V PC=0023:75278503 Ret=75278aa0 Frame=0019da38 Stack=0019d9d8
    Parameters (0x0315be60 0x00000000 0x00000010 0x00000000)
    Unknown module, CallNextHookEx() + 0883 byte(s)
 19 .V PC=0023:75278aa0 Ret=77511a6d Frame=0019da80 Stack=0019da40
    Parameters (0x0019da9c 0x00000020 0x0019dc70 0x775119a0)
    Unknown module, IsWindow() + 0592 byte(s)
 20 .V PC=0023:77511a6d Ret=752c2c9c Frame=0019db50 Stack=0019da88
    Parameters (0x0315be60 0x00000000 0x000004ff 0x00000001)
    Unknown module, KiUserCallbackDispatcher() + 0077 byte(s)
 21 .V PC=0023:752c2c9c Ret=715bdf33 Frame=0019db68 Stack=0019db58
    Parameters (0x000104b6 0x00000112 0x0000f060 0x000004ff)
    Unknown module, GetDC() + 12636 byte(s)
 22 .V PC=0023:715bdf33 Ret=715bea05 Frame=0019db88 Stack=0019db70
    Parameters (0x04c166c0 0xecf16bf7 0x0019dc20 0x715c7053)
    Unknown module, GetThemeBackgroundRegion() + 0963 byte(s)
 23 .V PC=0023:715bea05 Ret=715c7053 Frame=0019db98 Stack=0019db90
    Parameters (0x04c166c0 0x0019dbdc 0x00000001 0x715c66e0)
    Unknown module, Ordinal44() + 1301 byte(s)
 24 .V PC=0023:715c7053 Ret=715c66f8 Frame=0019dc20 Stack=0019dba0
    Parameters (0x0000f060 0x000004ff 0x00000000 0x0019dc80)
    Unknown module, IsThemeBackgroundPartiallyTransparent() + 12211 byte(s)
 25 .V PC=0023:715c66f8 Ret=75279eb6 Frame=0019dc34 Stack=0019dc28
    Parameters (0x000104b6 0x00000112 0x0000f060 0x000004ff)
    Unknown module, IsThemeBackgroundPartiallyTransparent() + 9816 byte(s)
 26 .V PC=0023:75279eb6 Ret=004204b1 Frame=0019dc80 Stack=0019dc3c
    Parameters (0x000104b6 0x00000112 0x0000f060 0x000004ff)
    Unknown module, PostThreadMessageW() + 0422 byte(s)
 27 .V PC=0023:004204b1 Ret=7527e0bb Frame=0019dcb8 Stack=0019dc88
    Parameters (0x000104b6 0x00000112 0x0000f060 0x000004ff)
    P:\ready\src\edwin.c, MyEditorWindowProcedure (), Line 1616+0024 byte(s)
 28 .V PC=0023:7527e0bb Ret=75288849 Frame=0019dce4 Stack=0019dcc0
    Parameters (0x0041ff99 0x000104b6 0x00000112 0x0000f060)
    Unknown module, AddClipboardFormatListener() + 0075 byte(s)
 29 .V PC=0023:75288849 Ret=7528b145 Frame=0019dd08 Stack=0019dcec
    Parameters (0x00000112 0x0000f060 0x000004ff 0x28aba9bd)
    Unknown module, EndTask() + 33897 byte(s)
 30 .V PC=0023:7528b145 Ret=75278503 Frame=0019ddd8 Stack=0019dd10
    Parameters (0x0041ff99 0x00000000 0x00000112 0x0000f060)
    Unknown module, EndTask() + 44389 byte(s)
 31 .V PC=0023:75278503 Ret=75278aa0 Frame=0019de40 Stack=0019dde0
    Parameters (0x0315be60 0x00000000 0x00000112 0x0000f060)
    Unknown module, CallNextHookEx() + 0883 byte(s)
 32 .V PC=0023:75278aa0 Ret=77511a6d Frame=0019de88 Stack=0019de48
    Parameters (0x0019dea4 0x00000020 0x0019e084 0x775119a0)
    Unknown module, IsWindow() + 0592 byte(s)
 33 .V PC=0023:77511a6d Ret=752c2c9c Frame=0019df58 Stack=0019de90
    Parameters (0x0315be60 0x00000000 0x000004ff 0x00000001)
    Unknown module, KiUserCallbackDispatcher() + 0077 byte(s)
 34 .V PC=0023:752c2c9c Ret=715bdf33 Frame=0019df74 Stack=0019df60
    Parameters (0x000104b6 0x000000a1 0x00000014 0x000004ff)
    Unknown module, GetDC() + 12636 byte(s)
 35 .V PC=0023:715bdf33 Ret=715bec86 Frame=0019df94 Stack=0019df7c
    Parameters (0x04c166c0 0x715bec20 0x00000000 0x0019e034)
    Unknown module, GetThemeBackgroundRegion() + 0963 byte(s)
 36 .V PC=0023:715bec86 Ret=715c7053 Frame=0019dfa8 Stack=0019df9c
    Parameters (0x04c166c0 0x0019dfec 0x00000001 0x715c66e0)
    Unknown module, Ordinal44() + 1942 byte(s)
 37 .V PC=0023:715c7053 Ret=715c66f8 Frame=0019e034 Stack=0019dfb0
    Parameters (0x00000014 0x000004ff 0x00000000 0x0019e094)
    Unknown module, IsThemeBackgroundPartiallyTransparent() + 12211 byte(s)
 38 .V PC=0023:715c66f8 Ret=75279eb6 Frame=0019e048 Stack=0019e03c
    Parameters (0x000104b6 0x000000a1 0x00000014 0x000004ff)
    Unknown module, IsThemeBackgroundPartiallyTransparent() + 9816 byte(s)
 39 .V PC=0023:75279eb6 Ret=004204b1 Frame=0019e094 Stack=0019e050
    Parameters (0x000104b6 0x000000a1 0x00000014 0x000004ff)
    Unknown module, PostThreadMessageW() + 0422 byte(s)
 40 .V PC=0023:004204b1 Ret=7527e0bb Frame=0019e0cc Stack=0019e09c
    Parameters (0x000104b6 0x000000a1 0x00000014 0x000004ff)
    P:\ready\src\edwin.c, MyEditorWindowProcedure (), Line 1616+0024 byte(s)
 41 .V PC=0023:7527e0bb Ret=75288849 Frame=0019e0f8 Stack=0019e0d4
    Parameters (0x0041ff99 0x000104b6 0x000000a1 0x00000014)
    Unknown module, AddClipboardFormatListener() + 0075 byte(s)
 42 .V PC=0023:75288849 Ret=7528b145 Frame=0019e11c Stack=0019e100
    Parameters (0x000000a1 0x00000014 0x000004ff 0x28ab9589)
    Unknown module, EndTask() + 33897 byte(s)
 43 .V PC=0023:7528b145 Ret=752790dc Frame=0019e1ec Stack=0019e124
    Parameters (0x0041ff99 0x00000000 0x000000a1 0x00000014)
    Unknown module, EndTask() + 44389 byte(s)
 44 .V PC=0023:752790dc Ret=752738c0 Frame=0019e258 Stack=0019e1f4
    Parameters (0x0019e270 0x00417536 0x0019e280 0x0019e27c)
    Unknown module, DispatchMessageW() + 1228 byte(s)
 45 .V PC=0023:752738c0 Ret=00417536 Frame=0019e260 Stack=0019e260
    Parameters (0x0019e280 0x0019e27c 0x0019e2a0 0x004174a1)
    Unknown module, DispatchMessageA() + 0016 byte(s)
 46 .V PC=0023:00417536 Ret=004174a1 Frame=0019e270 Stack=0019e268
    Parameters (0x0019e280 0x0019e2a8 0x000104b6 0x000000a1)
    P:\ready\src\ed.c, MyProcessMessage (), Line 1856+0012 byte(s)
 47 .V PC=0023:004174a1 Ret=00415862 Frame=0019e2a0 Stack=0019e278
    Parameters (0x00401000 0x00401000 0xcccccccc 0xcccccccc)
    P:\ready\src\ed.c, MyProcessEvents (), Line 1826+0009 byte(s)
 48 .V PC=0023:00415862 Ret=00401126 Frame=0019fef0 Stack=0019e2a8
    Parameters (0x00400000 0x00000000 0x02a5271b 0x00000001)
    P:\ready\src\ed.c, WinMain (), Line 0470+0005 byte(s)
 49 .V PC=0023:00401126 Ret=773b8674 Frame=0019ff80 Stack=0019fef8
    Parameters (0x00258000 0x773b8650 0x4b47a532 0x0019ffdc)
    crt0.c, WinMainCRTStartup (), Line 0198+0054 byte(s)


------------------------------------------------------
